<?xml version="1.0" encoding="UTF-8"?>
<coverage generated="1508858521970" clover="3.2.0">
  <project timestamp="1508858521970" name="All files">
    <metrics statements="133" coveredstatements="0" conditionals="82" coveredconditionals="0" methods="59" coveredmethods="0" elements="274" coveredelements="0" complexity="0" loc="133" ncloc="133" packages="12" files="20" classes="20">
      <package name="src">
        <metrics statements="1" coveredstatements="0" conditionals="0" coveredconditionals="0" methods="0" coveredmethods="0"/>
        <file name="index.js" path="/home/everton/Cursos/Nanodegree/MyReads/src/index.js">
          <metrics statements="1" coveredstatements="0" conditionals="0" coveredconditionals="0" methods="0" coveredmethods="0"/>
          <line num="1" count="0" type="stmt"/>
        </file>
      </package>
      <package name="src.components.Book">
        <metrics statements="12" coveredstatements="0" conditionals="14" coveredconditionals="0" methods="4" coveredmethods="0"/>
        <file name="index.jsx" path="/home/everton/Cursos/Nanodegree/MyReads/src/components/Book/index.jsx">
          <metrics statements="9" coveredstatements="0" conditionals="10" coveredconditionals="0" methods="3" coveredmethods="0"/>
          <line num="1" count="0" type="stmt"/>
          <line num="5" count="0" type="cond" truecount="0" falsecount="4"/>
          <line num="7" count="0" type="stmt"/>
          <line num="8" count="0" type="stmt"/>
          <line num="10" count="0" type="cond" truecount="0" falsecount="4"/>
          <line num="14" count="0" type="stmt"/>
          <line num="20" count="0" type="stmt"/>
          <line num="25" count="0" type="cond" truecount="0" falsecount="2"/>
          <line num="40" count="0" type="stmt"/>
        </file>
        <file name="styled.js" path="/home/everton/Cursos/Nanodegree/MyReads/src/components/Book/styled.js">
          <metrics statements="3" coveredstatements="0" conditionals="4" coveredconditionals="0" methods="1" coveredmethods="0"/>
          <line num="1" count="0" type="stmt"/>
          <line num="2" count="0" type="cond" truecount="0" falsecount="4"/>
          <line num="4" count="0" type="stmt"/>
        </file>
      </package>
      <package name="src.components.InputSearch">
        <metrics statements="13" coveredstatements="0" conditionals="4" coveredconditionals="0" methods="7" coveredmethods="0"/>
        <file name="index.jsx" path="/home/everton/Cursos/Nanodegree/MyReads/src/components/InputSearch/index.jsx">
          <metrics statements="10" coveredstatements="0" conditionals="0" coveredconditionals="0" methods="6" coveredmethods="0"/>
          <line num="1" count="0" type="stmt"/>
          <line num="8" count="0" type="stmt"/>
          <line num="10" count="0" type="stmt"/>
          <line num="14" count="0" type="stmt"/>
          <line num="18" count="0" type="stmt"/>
          <line num="19" count="0" type="stmt"/>
          <line num="24" count="0" type="stmt"/>
          <line num="31" count="0" type="stmt"/>
          <line num="32" count="0" type="stmt"/>
          <line num="40" count="0" type="stmt"/>
        </file>
        <file name="styled.js" path="/home/everton/Cursos/Nanodegree/MyReads/src/components/InputSearch/styled.js">
          <metrics statements="3" coveredstatements="0" conditionals="4" coveredconditionals="0" methods="1" coveredmethods="0"/>
          <line num="1" count="0" type="stmt"/>
          <line num="2" count="0" type="cond" truecount="0" falsecount="4"/>
          <line num="4" count="0" type="stmt"/>
        </file>
      </package>
      <package name="src.components.Preloader">
        <metrics statements="10" coveredstatements="0" conditionals="13" coveredconditionals="0" methods="4" coveredmethods="0"/>
        <file name="index.jsx" path="/home/everton/Cursos/Nanodegree/MyReads/src/components/Preloader/index.jsx">
          <metrics statements="6" coveredstatements="0" conditionals="5" coveredconditionals="0" methods="2" coveredmethods="0"/>
          <line num="1" count="0" type="stmt"/>
          <line num="4" count="0" type="cond" truecount="0" falsecount="4"/>
          <line num="6" count="0" type="stmt"/>
          <line num="7" count="0" type="stmt"/>
          <line num="9" count="0" type="stmt"/>
          <line num="22" count="0" type="stmt"/>
        </file>
        <file name="preloader.story.js" path="/home/everton/Cursos/Nanodegree/MyReads/src/components/Preloader/preloader.story.js">
          <metrics statements="2" coveredstatements="0" conditionals="4" coveredconditionals="0" methods="1" coveredmethods="0"/>
          <line num="1" count="0" type="stmt"/>
          <line num="3" count="0" type="cond" truecount="0" falsecount="4"/>
        </file>
        <file name="styled.js" path="/home/everton/Cursos/Nanodegree/MyReads/src/components/Preloader/styled.js">
          <metrics statements="2" coveredstatements="0" conditionals="4" coveredconditionals="0" methods="1" coveredmethods="0"/>
          <line num="1" count="0" type="cond" truecount="0" falsecount="4"/>
          <line num="3" count="0" type="stmt"/>
        </file>
      </package>
      <package name="src.components.Shelf">
        <metrics statements="8" coveredstatements="0" conditionals="8" coveredconditionals="0" methods="3" coveredmethods="0"/>
        <file name="index.jsx" path="/home/everton/Cursos/Nanodegree/MyReads/src/components/Shelf/index.jsx">
          <metrics statements="6" coveredstatements="0" conditionals="4" coveredconditionals="0" methods="2" coveredmethods="0"/>
          <line num="1" count="0" type="stmt"/>
          <line num="7" count="0" type="stmt"/>
          <line num="8" count="0" type="stmt"/>
          <line num="10" count="0" type="stmt"/>
          <line num="16" count="0" type="stmt"/>
          <line num="33" count="0" type="stmt"/>
        </file>
        <file name="styled.js" path="/home/everton/Cursos/Nanodegree/MyReads/src/components/Shelf/styled.js">
          <metrics statements="2" coveredstatements="0" conditionals="4" coveredconditionals="0" methods="1" coveredmethods="0"/>
          <line num="1" count="0" type="cond" truecount="0" falsecount="4"/>
          <line num="3" count="0" type="stmt"/>
        </file>
      </package>
      <package name="src.components.Title">
        <metrics statements="7" coveredstatements="0" conditionals="4" coveredconditionals="0" methods="2" coveredmethods="0"/>
        <file name="index.jsx" path="/home/everton/Cursos/Nanodegree/MyReads/src/components/Title/index.jsx">
          <metrics statements="5" coveredstatements="0" conditionals="0" coveredconditionals="0" methods="1" coveredmethods="0"/>
          <line num="1" count="0" type="stmt"/>
          <line num="6" count="0" type="stmt"/>
          <line num="7" count="0" type="stmt"/>
          <line num="9" count="0" type="stmt"/>
          <line num="17" count="0" type="stmt"/>
        </file>
        <file name="styled.js" path="/home/everton/Cursos/Nanodegree/MyReads/src/components/Title/styled.js">
          <metrics statements="2" coveredstatements="0" conditionals="4" coveredconditionals="0" methods="1" coveredmethods="0"/>
          <line num="1" count="0" type="cond" truecount="0" falsecount="4"/>
          <line num="3" count="0" type="stmt"/>
        </file>
      </package>
      <package name="src.container.About">
        <metrics statements="5" coveredstatements="0" conditionals="4" coveredconditionals="0" methods="2" coveredmethods="0"/>
        <file name="index.jsx" path="/home/everton/Cursos/Nanodegree/MyReads/src/container/About/index.jsx">
          <metrics statements="5" coveredstatements="0" conditionals="4" coveredconditionals="0" methods="2" coveredmethods="0"/>
          <line num="1" count="0" type="stmt"/>
          <line num="3" count="0" type="cond" truecount="0" falsecount="4"/>
          <line num="5" count="0" type="stmt"/>
          <line num="16" count="0" type="stmt"/>
          <line num="17" count="0" type="stmt"/>
        </file>
      </package>
      <package name="src.container.Main">
        <metrics statements="25" coveredstatements="0" conditionals="4" coveredconditionals="0" methods="14" coveredmethods="0"/>
        <file name="index.jsx" path="/home/everton/Cursos/Nanodegree/MyReads/src/container/Main/index.jsx">
          <metrics statements="25" coveredstatements="0" conditionals="4" coveredconditionals="0" methods="14" coveredmethods="0"/>
          <line num="1" count="0" type="stmt"/>
          <line num="12" count="0" type="cond" truecount="0" falsecount="4"/>
          <line num="16" count="0" type="stmt"/>
          <line num="18" count="0" type="stmt"/>
          <line num="23" count="0" type="stmt"/>
          <line num="24" count="0" type="stmt"/>
          <line num="25" count="0" type="stmt"/>
          <line num="29" count="0" type="stmt"/>
          <line num="33" count="0" type="stmt"/>
          <line num="34" count="0" type="stmt"/>
          <line num="36" count="0" type="stmt"/>
          <line num="37" count="0" type="stmt"/>
          <line num="39" count="0" type="stmt"/>
          <line num="41" count="0" type="stmt"/>
          <line num="46" count="0" type="stmt"/>
          <line num="47" count="0" type="stmt"/>
          <line num="52" count="0" type="stmt"/>
          <line num="53" count="0" type="stmt"/>
          <line num="55" count="0" type="stmt"/>
          <line num="56" count="0" type="stmt"/>
          <line num="59" count="0" type="stmt"/>
          <line num="60" count="0" type="stmt"/>
          <line num="70" count="0" type="stmt"/>
          <line num="74" count="0" type="stmt"/>
          <line num="78" count="0" type="stmt"/>
        </file>
      </package>
      <package name="src.container.Search">
        <metrics statements="17" coveredstatements="0" conditionals="15" coveredconditionals="0" methods="6" coveredmethods="0"/>
        <file name="index.jsx" path="/home/everton/Cursos/Nanodegree/MyReads/src/container/Search/index.jsx">
          <metrics statements="17" coveredstatements="0" conditionals="15" coveredconditionals="0" methods="6" coveredmethods="0"/>
          <line num="1" count="0" type="stmt"/>
          <line num="9" count="0" type="cond" truecount="0" falsecount="4"/>
          <line num="14" count="0" type="stmt"/>
          <line num="16" count="0" type="stmt"/>
          <line num="22" count="0" type="stmt"/>
          <line num="26" count="0" type="cond" truecount="0" falsecount="2"/>
          <line num="27" count="0" type="stmt"/>
          <line num="29" count="0" type="stmt"/>
          <line num="30" count="0" type="stmt"/>
          <line num="31" count="0" type="stmt"/>
          <line num="32" count="0" type="cond" truecount="0" falsecount="2"/>
          <line num="33" count="0" type="stmt"/>
          <line num="39" count="0" type="stmt"/>
          <line num="40" count="0" type="stmt"/>
          <line num="42" count="0" type="stmt"/>
          <line num="55" count="0" type="stmt"/>
          <line num="74" count="0" type="stmt"/>
        </file>
      </package>
      <package name="src.core.constants">
        <metrics statements="1" coveredstatements="0" conditionals="0" coveredconditionals="0" methods="0" coveredmethods="0"/>
        <file name="shelfs.js" path="/home/everton/Cursos/Nanodegree/MyReads/src/core/constants/shelfs.js">
          <metrics statements="1" coveredstatements="0" conditionals="0" coveredconditionals="0" methods="0" coveredmethods="0"/>
          <line num="1" count="0" type="stmt"/>
        </file>
      </package>
      <package name="src.core.provider">
        <metrics statements="21" coveredstatements="0" conditionals="2" coveredconditionals="0" methods="11" coveredmethods="0"/>
        <file name="BooksAPI.js" path="/home/everton/Cursos/Nanodegree/MyReads/src/core/provider/BooksAPI.js">
          <metrics statements="21" coveredstatements="0" conditionals="2" coveredconditionals="0" methods="11" coveredmethods="0"/>
          <line num="1" count="0" type="stmt"/>
          <line num="2" count="0" type="stmt"/>
          <line num="6" count="0" type="stmt"/>
          <line num="7" count="0" type="cond" truecount="0" falsecount="2"/>
          <line num="8" count="0" type="stmt"/>
          <line num="10" count="0" type="stmt"/>
          <line num="15" count="0" type="stmt"/>
          <line num="16" count="0" type="stmt"/>
          <line num="17" count="0" type="stmt"/>
          <line num="18" count="0" type="stmt"/>
          <line num="20" count="0" type="stmt"/>
          <line num="21" count="0" type="stmt"/>
          <line num="22" count="0" type="stmt"/>
          <line num="23" count="0" type="stmt"/>
          <line num="25" count="0" type="stmt"/>
          <line num="26" count="0" type="stmt"/>
          <line num="33" count="0" type="stmt"/>
          <line num="35" count="0" type="stmt"/>
          <line num="36" count="0" type="stmt"/>
          <line num="43" count="0" type="stmt"/>
          <line num="44" count="0" type="stmt"/>
        </file>
      </package>
      <package name="src.stories">
        <metrics statements="13" coveredstatements="0" conditionals="14" coveredconditionals="0" methods="6" coveredmethods="0"/>
        <file name="Button.js" path="/home/everton/Cursos/Nanodegree/MyReads/src/stories/Button.js">
          <metrics statements="5" coveredstatements="0" conditionals="4" coveredconditionals="0" methods="2" coveredmethods="0"/>
          <line num="1" count="0" type="cond" truecount="0" falsecount="4"/>
          <line num="3" count="0" type="stmt"/>
          <line num="13" count="0" type="stmt"/>
          <line num="14" count="0" type="stmt"/>
          <line num="22" count="0" type="stmt"/>
        </file>
        <file name="Welcome.js" path="/home/everton/Cursos/Nanodegree/MyReads/src/stories/Welcome.js">
          <metrics statements="6" coveredstatements="0" conditionals="6" coveredconditionals="0" methods="3" coveredmethods="0"/>
          <line num="1" count="0" type="cond" truecount="0" falsecount="4"/>
          <line num="3" count="0" type="stmt"/>
          <line num="39" count="0" type="stmt"/>
          <line num="53" count="0" type="stmt"/>
          <line num="54" count="0" type="cond" truecount="0" falsecount="2"/>
          <line num="58" count="0" type="stmt"/>
        </file>
        <file name="index.js" path="/home/everton/Cursos/Nanodegree/MyReads/src/stories/index.js">
          <metrics statements="2" coveredstatements="0" conditionals="4" coveredconditionals="0" methods="1" coveredmethods="0"/>
          <line num="1" count="0" type="stmt"/>
          <line num="4" count="0" type="cond" truecount="0" falsecount="4"/>
        </file>
      </package>
    </metrics>
  </project>
</coverage>
