{"/home/everton/Cursos/Nanodegree/MyReads/src/index.js": {"path":"/home/everton/Cursos/Nanodegree/MyReads/src/index.js","statementMap":{"0":{"start":{"line":1,"column":58},"end":{"line":1,"column":112}}},"fnMap":{},"branchMap":{},"s":{"0":0},"f":{},"b":{}}
,"/home/everton/Cursos/Nanodegree/MyReads/src/components/Book/index.jsx": {"path":"/home/everton/Cursos/Nanodegree/MyReads/src/components/Book/index.jsx","statementMap":{"0":{"start":{"line":1,"column":39},"end":{"line":1,"column":101}},"1":{"start":{"line":1,"column":120},"end":{"line":1,"column":191}},"2":{"start":{"line":5,"column":188},"end":{"line":5,"column":242}},"3":{"start":{"line":7,"column":13},"end":{"line":38,"column":1}},"4":{"start":{"line":8,"column":59},"end":{"line":8,"column":64}},"5":{"start":{"line":10,"column":14},"end":{"line":12,"column":80}},"6":{"start":{"line":14,"column":16},"end":{"line":17,"column":23}},"7":{"start":{"line":20,"column":2},"end":{"line":35,"column":236}},"8":{"start":{"line":25,"column":150},"end":{"line":25,"column":180}},"9":{"start":{"line":40,"column":0},"end":{"line":46,"column":79}}},"fnMap":{"0":{"name":"_interopRequireDefault","decl":{"start":{"line":5,"column":159},"end":{"line":5,"column":181}},"loc":{"start":{"line":5,"column":187},"end":{"line":5,"column":243}},"line":5},"1":{"name":"(anonymous_1)","decl":{"start":{"line":7,"column":13},"end":{"line":7,"column":14}},"loc":{"start":{"line":7,"column":22},"end":{"line":38,"column":1}},"line":7},"2":{"name":"(anonymous_2)","decl":{"start":{"line":25,"column":141},"end":{"line":25,"column":142}},"loc":{"start":{"line":25,"column":150},"end":{"line":25,"column":180}},"line":25}},"branchMap":{"0":{"loc":{"start":{"line":5,"column":195},"end":{"line":5,"column":241}},"type":"cond-expr","locations":[{"start":{"line":5,"column":219},"end":{"line":5,"column":222}},{"start":{"line":5,"column":225},"end":{"line":5,"column":241}}],"line":5},"1":{"loc":{"start":{"line":5,"column":195},"end":{"line":5,"column":216}},"type":"binary-expr","locations":[{"start":{"line":5,"column":195},"end":{"line":5,"column":198}},{"start":{"line":5,"column":202},"end":{"line":5,"column":216}}],"line":5},"2":{"loc":{"start":{"line":10,"column":14},"end":{"line":12,"column":80}},"type":"cond-expr","locations":[{"start":{"line":11,"column":2},"end":{"line":11,"column":30}},{"start":{"line":12,"column":2},"end":{"line":12,"column":80}}],"line":10},"3":{"loc":{"start":{"line":10,"column":14},"end":{"line":10,"column":43}},"type":"binary-expr","locations":[{"start":{"line":10,"column":14},"end":{"line":10,"column":19}},{"start":{"line":10,"column":23},"end":{"line":10,"column":43}}],"line":10},"4":{"loc":{"start":{"line":25,"column":196},"end":{"line":25,"column":211}},"type":"binary-expr","locations":[{"start":{"line":25,"column":196},"end":{"line":25,"column":201}},{"start":{"line":25,"column":205},"end":{"line":25,"column":211}}],"line":25}},"s":{"0":0,"1":0,"2":0,"3":0,"4":0,"5":0,"6":0,"7":0,"8":0,"9":0},"f":{"0":0,"1":0,"2":0},"b":{"0":[0,0],"1":[0,0],"2":[0,0],"3":[0,0],"4":[0,0]}}
,"/home/everton/Cursos/Nanodegree/MyReads/src/components/Book/styled.js": {"path":"/home/everton/Cursos/Nanodegree/MyReads/src/components/Book/styled.js","statementMap":{"0":{"start":{"line":1,"column":39},"end":{"line":1,"column":101}},"1":{"start":{"line":1,"column":101},"end":{"line":1,"column":132}},"2":{"start":{"line":2,"column":213},"end":{"line":2,"column":267}},"3":{"start":{"line":4,"column":45},"end":{"line":60,"column":1}}},"fnMap":{"0":{"name":"_interopRequireDefault","decl":{"start":{"line":2,"column":184},"end":{"line":2,"column":206}},"loc":{"start":{"line":2,"column":212},"end":{"line":2,"column":268}},"line":2}},"branchMap":{"0":{"loc":{"start":{"line":2,"column":220},"end":{"line":2,"column":266}},"type":"cond-expr","locations":[{"start":{"line":2,"column":244},"end":{"line":2,"column":247}},{"start":{"line":2,"column":250},"end":{"line":2,"column":266}}],"line":2},"1":{"loc":{"start":{"line":2,"column":220},"end":{"line":2,"column":241}},"type":"binary-expr","locations":[{"start":{"line":2,"column":220},"end":{"line":2,"column":223}},{"start":{"line":2,"column":227},"end":{"line":2,"column":241}}],"line":2}},"s":{"0":0,"1":0,"2":0,"3":0},"f":{"0":0},"b":{"0":[0,0],"1":[0,0]}}
,"/home/everton/Cursos/Nanodegree/MyReads/src/components/InputSearch/index.jsx": {"path":"/home/everton/Cursos/Nanodegree/MyReads/src/components/InputSearch/index.jsx","statementMap":{"0":{"start":{"line":1,"column":39},"end":{"line":1,"column":101}},"1":{"start":{"line":1,"column":120},"end":{"line":1,"column":198}},"2":{"start":{"line":8,"column":4},"end":{"line":8,"column":17}},"3":{"start":{"line":10,"column":4},"end":{"line":10,"column":51}},"4":{"start":{"line":14,"column":4},"end":{"line":14,"column":29}},"5":{"start":{"line":18,"column":25},"end":{"line":18,"column":35}},"6":{"start":{"line":19,"column":4},"end":{"line":19,"column":20}},"7":{"start":{"line":24,"column":4},"end":{"line":32,"column":134}},"8":{"start":{"line":31,"column":27},"end":{"line":31,"column":52}},"9":{"start":{"line":32,"column":27},"end":{"line":32,"column":59}},"10":{"start":{"line":40,"column":0},"end":{"line":41,"column":76}}},"fnMap":{"0":{"name":"(anonymous_0)","decl":{"start":{"line":7,"column":2},"end":{"line":7,"column":3}},"loc":{"start":{"line":7,"column":21},"end":{"line":11,"column":3}},"line":7},"1":{"name":"(anonymous_1)","decl":{"start":{"line":13,"column":2},"end":{"line":13,"column":3}},"loc":{"start":{"line":13,"column":22},"end":{"line":15,"column":3}},"line":13},"2":{"name":"(anonymous_2)","decl":{"start":{"line":17,"column":2},"end":{"line":17,"column":3}},"loc":{"start":{"line":17,"column":21},"end":{"line":20,"column":3}},"line":17},"3":{"name":"(anonymous_3)","decl":{"start":{"line":22,"column":2},"end":{"line":22,"column":3}},"loc":{"start":{"line":22,"column":11},"end":{"line":37,"column":3}},"line":22},"4":{"name":"(anonymous_4)","decl":{"start":{"line":31,"column":17},"end":{"line":31,"column":18}},"loc":{"start":{"line":31,"column":26},"end":{"line":31,"column":53}},"line":31},"5":{"name":"(anonymous_5)","decl":{"start":{"line":32,"column":22},"end":{"line":32,"column":23}},"loc":{"start":{"line":32,"column":27},"end":{"line":32,"column":59}},"line":32}},"branchMap":{},"s":{"0":0,"1":0,"2":0,"3":0,"4":0,"5":0,"6":0,"7":0,"8":0,"9":0,"10":0},"f":{"0":0,"1":0,"2":0,"3":0,"4":0,"5":0},"b":{}}
,"/home/everton/Cursos/Nanodegree/MyReads/src/components/InputSearch/styled.js": {"path":"/home/everton/Cursos/Nanodegree/MyReads/src/components/InputSearch/styled.js","statementMap":{"0":{"start":{"line":1,"column":39},"end":{"line":1,"column":101}},"1":{"start":{"line":1,"column":101},"end":{"line":1,"column":133}},"2":{"start":{"line":2,"column":196},"end":{"line":2,"column":250}},"3":{"start":{"line":4,"column":46},"end":{"line":40,"column":1}}},"fnMap":{"0":{"name":"_interopRequireDefault","decl":{"start":{"line":2,"column":167},"end":{"line":2,"column":189}},"loc":{"start":{"line":2,"column":195},"end":{"line":2,"column":251}},"line":2}},"branchMap":{"0":{"loc":{"start":{"line":2,"column":203},"end":{"line":2,"column":249}},"type":"cond-expr","locations":[{"start":{"line":2,"column":227},"end":{"line":2,"column":230}},{"start":{"line":2,"column":233},"end":{"line":2,"column":249}}],"line":2},"1":{"loc":{"start":{"line":2,"column":203},"end":{"line":2,"column":224}},"type":"binary-expr","locations":[{"start":{"line":2,"column":203},"end":{"line":2,"column":206}},{"start":{"line":2,"column":210},"end":{"line":2,"column":224}}],"line":2}},"s":{"0":0,"1":0,"2":0,"3":0},"f":{"0":0},"b":{"0":[0,0],"1":[0,0]}}
,"/home/everton/Cursos/Nanodegree/MyReads/src/components/Preloader/index.jsx": {"path":"/home/everton/Cursos/Nanodegree/MyReads/src/components/Preloader/index.jsx","statementMap":{"0":{"start":{"line":1,"column":39},"end":{"line":1,"column":101}},"1":{"start":{"line":1,"column":120},"end":{"line":1,"column":196}},"2":{"start":{"line":4,"column":179},"end":{"line":4,"column":233}},"3":{"start":{"line":6,"column":18},"end":{"line":20,"column":1}},"4":{"start":{"line":7,"column":24},"end":{"line":7,"column":29}},"5":{"start":{"line":9,"column":2},"end":{"line":14,"column":271}},"6":{"start":{"line":22,"column":0},"end":{"line":23,"column":77}}},"fnMap":{"0":{"name":"_interopRequireDefault","decl":{"start":{"line":4,"column":150},"end":{"line":4,"column":172}},"loc":{"start":{"line":4,"column":178},"end":{"line":4,"column":234}},"line":4},"1":{"name":"(anonymous_1)","decl":{"start":{"line":6,"column":18},"end":{"line":6,"column":19}},"loc":{"start":{"line":6,"column":27},"end":{"line":20,"column":1}},"line":6}},"branchMap":{"0":{"loc":{"start":{"line":4,"column":186},"end":{"line":4,"column":232}},"type":"cond-expr","locations":[{"start":{"line":4,"column":210},"end":{"line":4,"column":213}},{"start":{"line":4,"column":216},"end":{"line":4,"column":232}}],"line":4},"1":{"loc":{"start":{"line":4,"column":186},"end":{"line":4,"column":207}},"type":"binary-expr","locations":[{"start":{"line":4,"column":186},"end":{"line":4,"column":189}},{"start":{"line":4,"column":193},"end":{"line":4,"column":207}}],"line":4},"2":{"loc":{"start":{"line":11,"column":6},"end":{"line":14,"column":268}},"type":"binary-expr","locations":[{"start":{"line":11,"column":6},"end":{"line":11,"column":15}}],"line":11}},"s":{"0":0,"1":0,"2":0,"3":0,"4":0,"5":0,"6":0},"f":{"0":0,"1":0},"b":{"0":[0,0],"1":[0,0],"2":[0]}}
,"/home/everton/Cursos/Nanodegree/MyReads/src/components/Preloader/preloader.story.js": {"path":"/home/everton/Cursos/Nanodegree/MyReads/src/components/Preloader/preloader.story.js","statementMap":{"0":{"start":{"line":1,"column":58},"end":{"line":1,"column":143}},"1":{"start":{"line":3,"column":168},"end":{"line":3,"column":222}}},"fnMap":{"0":{"name":"_interopRequireDefault","decl":{"start":{"line":3,"column":139},"end":{"line":3,"column":161}},"loc":{"start":{"line":3,"column":167},"end":{"line":3,"column":223}},"line":3}},"branchMap":{"0":{"loc":{"start":{"line":3,"column":175},"end":{"line":3,"column":221}},"type":"cond-expr","locations":[{"start":{"line":3,"column":199},"end":{"line":3,"column":202}},{"start":{"line":3,"column":205},"end":{"line":3,"column":221}}],"line":3},"1":{"loc":{"start":{"line":3,"column":175},"end":{"line":3,"column":196}},"type":"binary-expr","locations":[{"start":{"line":3,"column":175},"end":{"line":3,"column":178}},{"start":{"line":3,"column":182},"end":{"line":3,"column":196}}],"line":3}},"s":{"0":0,"1":0},"f":{"0":0},"b":{"0":[0,0],"1":[0,0]}}
,"/home/everton/Cursos/Nanodegree/MyReads/src/components/Preloader/styled.js": {"path":"/home/everton/Cursos/Nanodegree/MyReads/src/components/Preloader/styled.js","statementMap":{"0":{"start":{"line":1,"column":39},"end":{"line":1,"column":101}},"1":{"start":{"line":1,"column":101},"end":{"line":1,"column":137}},"2":{"start":{"line":1,"column":348},"end":{"line":1,"column":402}},"3":{"start":{"line":3,"column":50},"end":{"line":20,"column":1}}},"fnMap":{"0":{"name":"_interopRequireDefault","decl":{"start":{"line":1,"column":319},"end":{"line":1,"column":341}},"loc":{"start":{"line":1,"column":347},"end":{"line":1,"column":403}},"line":1}},"branchMap":{"0":{"loc":{"start":{"line":1,"column":355},"end":{"line":1,"column":401}},"type":"cond-expr","locations":[{"start":{"line":1,"column":379},"end":{"line":1,"column":382}},{"start":{"line":1,"column":385},"end":{"line":1,"column":401}}],"line":1},"1":{"loc":{"start":{"line":1,"column":355},"end":{"line":1,"column":376}},"type":"binary-expr","locations":[{"start":{"line":1,"column":355},"end":{"line":1,"column":358}},{"start":{"line":1,"column":362},"end":{"line":1,"column":376}}],"line":1}},"s":{"0":0,"1":0,"2":0,"3":0},"f":{"0":0},"b":{"0":[0,0],"1":[0,0]}}
,"/home/everton/Cursos/Nanodegree/MyReads/src/components/Shelf/index.jsx": {"path":"/home/everton/Cursos/Nanodegree/MyReads/src/components/Shelf/index.jsx","statementMap":{"0":{"start":{"line":1,"column":39},"end":{"line":1,"column":101}},"1":{"start":{"line":1,"column":120},"end":{"line":1,"column":192}},"2":{"start":{"line":7,"column":14},"end":{"line":31,"column":1}},"3":{"start":{"line":8,"column":40},"end":{"line":8,"column":45}},"4":{"start":{"line":10,"column":2},"end":{"line":23,"column":121}},"5":{"start":{"line":16,"column":36},"end":{"line":23,"column":115}},"6":{"start":{"line":33,"column":0},"end":{"line":36,"column":79}}},"fnMap":{"0":{"name":"(anonymous_0)","decl":{"start":{"line":7,"column":14},"end":{"line":7,"column":15}},"loc":{"start":{"line":7,"column":23},"end":{"line":31,"column":1}},"line":7},"1":{"name":"(anonymous_1)","decl":{"start":{"line":15,"column":20},"end":{"line":15,"column":21}},"loc":{"start":{"line":16,"column":36},"end":{"line":23,"column":115}},"line":16}},"branchMap":{"0":{"loc":{"start":{"line":19,"column":21},"end":{"line":19,"column":77}},"type":"cond-expr","locations":[{"start":{"line":19,"column":39},"end":{"line":19,"column":64}},{"start":{"line":19,"column":67},"end":{"line":19,"column":77}}],"line":19},"1":{"loc":{"start":{"line":21,"column":22},"end":{"line":21,"column":79}},"type":"cond-expr","locations":[{"start":{"line":21,"column":37},"end":{"line":21,"column":60}},{"start":{"line":21,"column":63},"end":{"line":21,"column":79}}],"line":21}},"s":{"0":0,"1":0,"2":0,"3":0,"4":0,"5":0,"6":0},"f":{"0":0,"1":0},"b":{"0":[0,0],"1":[0,0]}}
,"/home/everton/Cursos/Nanodegree/MyReads/src/components/Shelf/styled.js": {"path":"/home/everton/Cursos/Nanodegree/MyReads/src/components/Shelf/styled.js","statementMap":{"0":{"start":{"line":1,"column":39},"end":{"line":1,"column":101}},"1":{"start":{"line":1,"column":101},"end":{"line":1,"column":133}},"2":{"start":{"line":1,"column":344},"end":{"line":1,"column":398}},"3":{"start":{"line":3,"column":46},"end":{"line":34,"column":1}}},"fnMap":{"0":{"name":"_interopRequireDefault","decl":{"start":{"line":1,"column":315},"end":{"line":1,"column":337}},"loc":{"start":{"line":1,"column":343},"end":{"line":1,"column":399}},"line":1}},"branchMap":{"0":{"loc":{"start":{"line":1,"column":351},"end":{"line":1,"column":397}},"type":"cond-expr","locations":[{"start":{"line":1,"column":375},"end":{"line":1,"column":378}},{"start":{"line":1,"column":381},"end":{"line":1,"column":397}}],"line":1},"1":{"loc":{"start":{"line":1,"column":351},"end":{"line":1,"column":372}},"type":"binary-expr","locations":[{"start":{"line":1,"column":351},"end":{"line":1,"column":354}},{"start":{"line":1,"column":358},"end":{"line":1,"column":372}}],"line":1}},"s":{"0":0,"1":0,"2":0,"3":0},"f":{"0":0},"b":{"0":[0,0],"1":[0,0]}}
,"/home/everton/Cursos/Nanodegree/MyReads/src/components/Title/index.jsx": {"path":"/home/everton/Cursos/Nanodegree/MyReads/src/components/Title/index.jsx","statementMap":{"0":{"start":{"line":1,"column":39},"end":{"line":1,"column":101}},"1":{"start":{"line":1,"column":120},"end":{"line":1,"column":192}},"2":{"start":{"line":6,"column":14},"end":{"line":15,"column":1}},"3":{"start":{"line":7,"column":19},"end":{"line":7,"column":24}},"4":{"start":{"line":9,"column":2},"end":{"line":12,"column":302}},"5":{"start":{"line":17,"column":0},"end":{"line":18,"column":74}}},"fnMap":{"0":{"name":"(anonymous_0)","decl":{"start":{"line":6,"column":14},"end":{"line":6,"column":15}},"loc":{"start":{"line":6,"column":23},"end":{"line":15,"column":1}},"line":6}},"branchMap":{},"s":{"0":0,"1":0,"2":0,"3":0,"4":0,"5":0},"f":{"0":0},"b":{}}
,"/home/everton/Cursos/Nanodegree/MyReads/src/components/Title/styled.js": {"path":"/home/everton/Cursos/Nanodegree/MyReads/src/components/Title/styled.js","statementMap":{"0":{"start":{"line":1,"column":39},"end":{"line":1,"column":101}},"1":{"start":{"line":1,"column":101},"end":{"line":1,"column":133}},"2":{"start":{"line":1,"column":344},"end":{"line":1,"column":398}},"3":{"start":{"line":3,"column":46},"end":{"line":27,"column":1}}},"fnMap":{"0":{"name":"_interopRequireDefault","decl":{"start":{"line":1,"column":315},"end":{"line":1,"column":337}},"loc":{"start":{"line":1,"column":343},"end":{"line":1,"column":399}},"line":1}},"branchMap":{"0":{"loc":{"start":{"line":1,"column":351},"end":{"line":1,"column":397}},"type":"cond-expr","locations":[{"start":{"line":1,"column":375},"end":{"line":1,"column":378}},{"start":{"line":1,"column":381},"end":{"line":1,"column":397}}],"line":1},"1":{"loc":{"start":{"line":1,"column":351},"end":{"line":1,"column":372}},"type":"binary-expr","locations":[{"start":{"line":1,"column":351},"end":{"line":1,"column":354}},{"start":{"line":1,"column":358},"end":{"line":1,"column":372}}],"line":1}},"s":{"0":0,"1":0,"2":0,"3":0},"f":{"0":0},"b":{"0":[0,0],"1":[0,0]}}
,"/home/everton/Cursos/Nanodegree/MyReads/src/container/About/index.jsx": {"path":"/home/everton/Cursos/Nanodegree/MyReads/src/container/About/index.jsx","statementMap":{"0":{"start":{"line":1,"column":39},"end":{"line":1,"column":101}},"1":{"start":{"line":1,"column":120},"end":{"line":1,"column":191}},"2":{"start":{"line":3,"column":211},"end":{"line":3,"column":265}},"3":{"start":{"line":5,"column":46},"end":{"line":14,"column":1}},"4":{"start":{"line":16,"column":14},"end":{"line":21,"column":280}},"5":{"start":{"line":17,"column":26},"end":{"line":21,"column":280}}},"fnMap":{"0":{"name":"_interopRequireDefault","decl":{"start":{"line":3,"column":182},"end":{"line":3,"column":204}},"loc":{"start":{"line":3,"column":210},"end":{"line":3,"column":266}},"line":3},"1":{"name":"(anonymous_1)","decl":{"start":{"line":16,"column":14},"end":{"line":16,"column":15}},"loc":{"start":{"line":17,"column":26},"end":{"line":21,"column":280}},"line":17}},"branchMap":{"0":{"loc":{"start":{"line":3,"column":218},"end":{"line":3,"column":264}},"type":"cond-expr","locations":[{"start":{"line":3,"column":242},"end":{"line":3,"column":245}},{"start":{"line":3,"column":248},"end":{"line":3,"column":264}}],"line":3},"1":{"loc":{"start":{"line":3,"column":218},"end":{"line":3,"column":239}},"type":"binary-expr","locations":[{"start":{"line":3,"column":218},"end":{"line":3,"column":221}},{"start":{"line":3,"column":225},"end":{"line":3,"column":239}}],"line":3}},"s":{"0":0,"1":0,"2":0,"3":0,"4":0,"5":0},"f":{"0":0,"1":0},"b":{"0":[0,0],"1":[0,0]}}
,"/home/everton/Cursos/Nanodegree/MyReads/src/container/Main/index.jsx": {"path":"/home/everton/Cursos/Nanodegree/MyReads/src/container/Main/index.jsx","statementMap":{"0":{"start":{"line":1,"column":39},"end":{"line":1,"column":101}},"1":{"start":{"line":1,"column":120},"end":{"line":1,"column":190}},"2":{"start":{"line":12,"column":370},"end":{"line":12,"column":424}},"3":{"start":{"line":16,"column":4},"end":{"line":16,"column":17}},"4":{"start":{"line":18,"column":4},"end":{"line":20,"column":25}},"5":{"start":{"line":23,"column":4},"end":{"line":23,"column":59}},"6":{"start":{"line":24,"column":4},"end":{"line":24,"column":59}},"7":{"start":{"line":25,"column":4},"end":{"line":25,"column":53}},"8":{"start":{"line":29,"column":4},"end":{"line":29,"column":27}},"9":{"start":{"line":33,"column":4},"end":{"line":33,"column":30}},"10":{"start":{"line":34,"column":4},"end":{"line":34,"column":47}},"11":{"start":{"line":36,"column":21},"end":{"line":36,"column":39}},"12":{"start":{"line":37,"column":4},"end":{"line":37,"column":40}},"13":{"start":{"line":39,"column":4},"end":{"line":42,"column":7}},"14":{"start":{"line":41,"column":6},"end":{"line":41,"column":29}},"15":{"start":{"line":46,"column":4},"end":{"line":48,"column":7}},"16":{"start":{"line":47,"column":6},"end":{"line":47,"column":50}},"17":{"start":{"line":52,"column":48},"end":{"line":57,"column":10}},"18":{"start":{"line":53,"column":19},"end":{"line":53,"column":44}},"19":{"start":{"line":55,"column":6},"end":{"line":55,"column":80}},"20":{"start":{"line":55,"column":59},"end":{"line":55,"column":78}},"21":{"start":{"line":56,"column":6},"end":{"line":56,"column":17}},"22":{"start":{"line":59,"column":4},"end":{"line":64,"column":115}},"23":{"start":{"line":60,"column":32},"end":{"line":64,"column":112}},"24":{"start":{"line":70,"column":4},"end":{"line":93,"column":284}},"25":{"start":{"line":74,"column":36},"end":{"line":74,"column":274}},"26":{"start":{"line":78,"column":36},"end":{"line":88,"column":273}}},"fnMap":{"0":{"name":"_interopRequireDefault","decl":{"start":{"line":12,"column":341},"end":{"line":12,"column":363}},"loc":{"start":{"line":12,"column":369},"end":{"line":12,"column":425}},"line":12},"1":{"name":"(anonymous_1)","decl":{"start":{"line":15,"column":2},"end":{"line":15,"column":3}},"loc":{"start":{"line":15,"column":21},"end":{"line":26,"column":3}},"line":15},"2":{"name":"(anonymous_2)","decl":{"start":{"line":28,"column":2},"end":{"line":28,"column":3}},"loc":{"start":{"line":28,"column":22},"end":{"line":30,"column":3}},"line":28},"3":{"name":"(anonymous_3)","decl":{"start":{"line":32,"column":2},"end":{"line":32,"column":3}},"loc":{"start":{"line":32,"column":31},"end":{"line":43,"column":3}},"line":32},"4":{"name":"(anonymous_4)","decl":{"start":{"line":40,"column":9},"end":{"line":40,"column":10}},"loc":{"start":{"line":40,"column":15},"end":{"line":42,"column":5}},"line":40},"5":{"name":"(anonymous_5)","decl":{"start":{"line":45,"column":2},"end":{"line":45,"column":3}},"loc":{"start":{"line":45,"column":20},"end":{"line":49,"column":3}},"line":45},"6":{"name":"(anonymous_6)","decl":{"start":{"line":46,"column":27},"end":{"line":46,"column":28}},"loc":{"start":{"line":46,"column":36},"end":{"line":48,"column":5}},"line":46},"7":{"name":"(anonymous_7)","decl":{"start":{"line":51,"column":2},"end":{"line":51,"column":3}},"loc":{"start":{"line":51,"column":17},"end":{"line":67,"column":3}},"line":51},"8":{"name":"(anonymous_8)","decl":{"start":{"line":52,"column":70},"end":{"line":52,"column":71}},"loc":{"start":{"line":52,"column":86},"end":{"line":57,"column":5}},"line":52},"9":{"name":"(anonymous_9)","decl":{"start":{"line":55,"column":42},"end":{"line":55,"column":43}},"loc":{"start":{"line":55,"column":59},"end":{"line":55,"column":78}},"line":55},"10":{"name":"(anonymous_10)","decl":{"start":{"line":59,"column":57},"end":{"line":59,"column":58}},"loc":{"start":{"line":60,"column":32},"end":{"line":64,"column":112}},"line":60},"11":{"name":"(anonymous_11)","decl":{"start":{"line":69,"column":2},"end":{"line":69,"column":3}},"loc":{"start":{"line":69,"column":11},"end":{"line":96,"column":3}},"line":69},"12":{"name":"(anonymous_12)","decl":{"start":{"line":73,"column":167},"end":{"line":73,"column":168}},"loc":{"start":{"line":74,"column":36},"end":{"line":74,"column":274}},"line":74},"13":{"name":"(anonymous_13)","decl":{"start":{"line":77,"column":200},"end":{"line":77,"column":201}},"loc":{"start":{"line":78,"column":36},"end":{"line":88,"column":273}},"line":78}},"branchMap":{"0":{"loc":{"start":{"line":12,"column":377},"end":{"line":12,"column":423}},"type":"cond-expr","locations":[{"start":{"line":12,"column":401},"end":{"line":12,"column":404}},{"start":{"line":12,"column":407},"end":{"line":12,"column":423}}],"line":12},"1":{"loc":{"start":{"line":12,"column":377},"end":{"line":12,"column":398}},"type":"binary-expr","locations":[{"start":{"line":12,"column":377},"end":{"line":12,"column":380}},{"start":{"line":12,"column":384},"end":{"line":12,"column":398}}],"line":12}},"s":{"0":0,"1":0,"2":0,"3":0,"4":0,"5":0,"6":0,"7":0,"8":0,"9":0,"10":0,"11":0,"12":0,"13":0,"14":0,"15":0,"16":0,"17":0,"18":0,"19":0,"20":0,"21":0,"22":0,"23":0,"24":0,"25":0,"26":0},"f":{"0":0,"1":0,"2":0,"3":0,"4":0,"5":0,"6":0,"7":0,"8":0,"9":0,"10":0,"11":0,"12":0,"13":0},"b":{"0":[0,0],"1":[0,0]}}
,"/home/everton/Cursos/Nanodegree/MyReads/src/container/Search/index.jsx": {"path":"/home/everton/Cursos/Nanodegree/MyReads/src/container/Search/index.jsx","statementMap":{"0":{"start":{"line":1,"column":39},"end":{"line":1,"column":101}},"1":{"start":{"line":1,"column":120},"end":{"line":1,"column":192}},"2":{"start":{"line":9,"column":370},"end":{"line":9,"column":424}},"3":{"start":{"line":14,"column":4},"end":{"line":14,"column":17}},"4":{"start":{"line":16,"column":4},"end":{"line":19,"column":25}},"5":{"start":{"line":22,"column":4},"end":{"line":22,"column":115}},"6":{"start":{"line":26,"column":4},"end":{"line":35,"column":5}},"7":{"start":{"line":27,"column":6},"end":{"line":27,"column":57}},"8":{"start":{"line":29,"column":6},"end":{"line":29,"column":42}},"9":{"start":{"line":30,"column":6},"end":{"line":34,"column":9}},"10":{"start":{"line":31,"column":26},"end":{"line":31,"column":31}},"11":{"start":{"line":32,"column":26},"end":{"line":32,"column":57}},"12":{"start":{"line":33,"column":8},"end":{"line":33,"column":67}},"13":{"start":{"line":39,"column":36},"end":{"line":39,"column":46}},"14":{"start":{"line":40,"column":18},"end":{"line":40,"column":38}},"15":{"start":{"line":42,"column":4},"end":{"line":62,"column":118}},"16":{"start":{"line":55,"column":38},"end":{"line":62,"column":112}},"17":{"start":{"line":74,"column":0},"end":{"line":76,"column":79}}},"fnMap":{"0":{"name":"_interopRequireDefault","decl":{"start":{"line":9,"column":341},"end":{"line":9,"column":363}},"loc":{"start":{"line":9,"column":369},"end":{"line":9,"column":425}},"line":9},"1":{"name":"(anonymous_1)","decl":{"start":{"line":13,"column":2},"end":{"line":13,"column":3}},"loc":{"start":{"line":13,"column":21},"end":{"line":23,"column":3}},"line":13},"2":{"name":"(anonymous_2)","decl":{"start":{"line":25,"column":2},"end":{"line":25,"column":3}},"loc":{"start":{"line":25,"column":21},"end":{"line":36,"column":3}},"line":25},"3":{"name":"(anonymous_3)","decl":{"start":{"line":30,"column":34},"end":{"line":30,"column":35}},"loc":{"start":{"line":30,"column":43},"end":{"line":34,"column":7}},"line":30},"4":{"name":"(anonymous_4)","decl":{"start":{"line":38,"column":2},"end":{"line":38,"column":3}},"loc":{"start":{"line":38,"column":11},"end":{"line":71,"column":3}},"line":38},"5":{"name":"(anonymous_5)","decl":{"start":{"line":54,"column":22},"end":{"line":54,"column":23}},"loc":{"start":{"line":55,"column":38},"end":{"line":62,"column":112}},"line":55}},"branchMap":{"0":{"loc":{"start":{"line":9,"column":377},"end":{"line":9,"column":423}},"type":"cond-expr","locations":[{"start":{"line":9,"column":401},"end":{"line":9,"column":404}},{"start":{"line":9,"column":407},"end":{"line":9,"column":423}}],"line":9},"1":{"loc":{"start":{"line":9,"column":377},"end":{"line":9,"column":398}},"type":"binary-expr","locations":[{"start":{"line":9,"column":377},"end":{"line":9,"column":380}},{"start":{"line":9,"column":384},"end":{"line":9,"column":398}}],"line":9},"2":{"loc":{"start":{"line":26,"column":4},"end":{"line":35,"column":5}},"type":"if","locations":[{"start":{"line":26,"column":4},"end":{"line":35,"column":5}},{"start":{"line":26,"column":4},"end":{"line":35,"column":5}}],"line":26},"3":{"loc":{"start":{"line":32,"column":26},"end":{"line":32,"column":57}},"type":"cond-expr","locations":[{"start":{"line":32,"column":45},"end":{"line":32,"column":50}},{"start":{"line":32,"column":53},"end":{"line":32,"column":57}}],"line":32},"4":{"loc":{"start":{"line":51,"column":12},"end":{"line":51,"column":269}},"type":"binary-expr","locations":[{"start":{"line":51,"column":12},"end":{"line":51,"column":32}}],"line":51},"5":{"loc":{"start":{"line":53,"column":12},"end":{"line":62,"column":113}},"type":"binary-expr","locations":[{"start":{"line":53,"column":12},"end":{"line":53,"column":28}},{"start":{"line":54,"column":12},"end":{"line":62,"column":113}}],"line":53},"6":{"loc":{"start":{"line":58,"column":23},"end":{"line":58,"column":79}},"type":"cond-expr","locations":[{"start":{"line":58,"column":41},"end":{"line":58,"column":66}},{"start":{"line":58,"column":69},"end":{"line":58,"column":79}}],"line":58},"7":{"loc":{"start":{"line":60,"column":24},"end":{"line":60,"column":81}},"type":"cond-expr","locations":[{"start":{"line":60,"column":39},"end":{"line":60,"column":62}},{"start":{"line":60,"column":65},"end":{"line":60,"column":81}}],"line":60}},"s":{"0":0,"1":0,"2":0,"3":0,"4":0,"5":0,"6":0,"7":0,"8":0,"9":0,"10":0,"11":0,"12":0,"13":0,"14":0,"15":0,"16":0,"17":0},"f":{"0":0,"1":0,"2":0,"3":0,"4":0,"5":0},"b":{"0":[0,0],"1":[0,0],"2":[0,0],"3":[0,0],"4":[0],"5":[0,0],"6":[0,0],"7":[0,0]}}
,"/home/everton/Cursos/Nanodegree/MyReads/src/core/constants/shelfs.js": {"path":"/home/everton/Cursos/Nanodegree/MyReads/src/core/constants/shelfs.js","statementMap":{"0":{"start":{"line":1,"column":39},"end":{"line":1,"column":101}},"1":{"start":{"line":1,"column":142},"end":{"line":4,"column":17}}},"fnMap":{},"branchMap":{},"s":{"0":0,"1":0},"f":{},"b":{}}
,"/home/everton/Cursos/Nanodegree/MyReads/src/core/provider/BooksAPI.js": {"path":"/home/everton/Cursos/Nanodegree/MyReads/src/core/provider/BooksAPI.js","statementMap":{"0":{"start":{"line":1,"column":39},"end":{"line":1,"column":101}},"1":{"start":{"line":2,"column":12},"end":{"line":2,"column":51}},"2":{"start":{"line":6,"column":12},"end":{"line":6,"column":30}},"3":{"start":{"line":7,"column":0},"end":{"line":8,"column":67}},"4":{"start":{"line":8,"column":0},"end":{"line":8,"column":67}},"5":{"start":{"line":10,"column":16},"end":{"line":12,"column":26}},"6":{"start":{"line":15,"column":38},"end":{"line":18,"column":23}},"7":{"start":{"line":16,"column":0},"end":{"line":18,"column":23}},"8":{"start":{"line":17,"column":12},"end":{"line":17,"column":22}},"9":{"start":{"line":18,"column":13},"end":{"line":18,"column":22}},"10":{"start":{"line":20,"column":41},"end":{"line":23,"column":24}},"11":{"start":{"line":21,"column":0},"end":{"line":23,"column":24}},"12":{"start":{"line":22,"column":12},"end":{"line":22,"column":22}},"13":{"start":{"line":23,"column":13},"end":{"line":23,"column":23}},"14":{"start":{"line":25,"column":41},"end":{"line":33,"column":23}},"15":{"start":{"line":26,"column":0},"end":{"line":33,"column":23}},"16":{"start":{"line":33,"column":12},"end":{"line":33,"column":22}},"17":{"start":{"line":35,"column":41},"end":{"line":44,"column":24}},"18":{"start":{"line":36,"column":0},"end":{"line":44,"column":24}},"19":{"start":{"line":43,"column":12},"end":{"line":43,"column":22}},"20":{"start":{"line":44,"column":13},"end":{"line":44,"column":23}}},"fnMap":{"0":{"name":"(anonymous_0)","decl":{"start":{"line":15,"column":52},"end":{"line":15,"column":53}},"loc":{"start":{"line":16,"column":0},"end":{"line":18,"column":23}},"line":16},"1":{"name":"(anonymous_1)","decl":{"start":{"line":17,"column":5},"end":{"line":17,"column":6}},"loc":{"start":{"line":17,"column":12},"end":{"line":17,"column":22}},"line":17},"2":{"name":"(anonymous_2)","decl":{"start":{"line":18,"column":5},"end":{"line":18,"column":6}},"loc":{"start":{"line":18,"column":13},"end":{"line":18,"column":22}},"line":18},"3":{"name":"(anonymous_3)","decl":{"start":{"line":20,"column":58},"end":{"line":20,"column":59}},"loc":{"start":{"line":21,"column":0},"end":{"line":23,"column":24}},"line":21},"4":{"name":"(anonymous_4)","decl":{"start":{"line":22,"column":5},"end":{"line":22,"column":6}},"loc":{"start":{"line":22,"column":12},"end":{"line":22,"column":22}},"line":22},"5":{"name":"(anonymous_5)","decl":{"start":{"line":23,"column":5},"end":{"line":23,"column":6}},"loc":{"start":{"line":23,"column":13},"end":{"line":23,"column":23}},"line":23},"6":{"name":"(anonymous_6)","decl":{"start":{"line":25,"column":58},"end":{"line":25,"column":59}},"loc":{"start":{"line":26,"column":0},"end":{"line":33,"column":23}},"line":26},"7":{"name":"(anonymous_7)","decl":{"start":{"line":33,"column":5},"end":{"line":33,"column":6}},"loc":{"start":{"line":33,"column":12},"end":{"line":33,"column":22}},"line":33},"8":{"name":"(anonymous_8)","decl":{"start":{"line":35,"column":58},"end":{"line":35,"column":59}},"loc":{"start":{"line":36,"column":0},"end":{"line":44,"column":24}},"line":36},"9":{"name":"(anonymous_9)","decl":{"start":{"line":43,"column":5},"end":{"line":43,"column":6}},"loc":{"start":{"line":43,"column":12},"end":{"line":43,"column":22}},"line":43},"10":{"name":"(anonymous_10)","decl":{"start":{"line":44,"column":5},"end":{"line":44,"column":6}},"loc":{"start":{"line":44,"column":13},"end":{"line":44,"column":23}},"line":44}},"branchMap":{"0":{"loc":{"start":{"line":7,"column":0},"end":{"line":8,"column":67}},"type":"if","locations":[{"start":{"line":7,"column":0},"end":{"line":8,"column":67}},{"start":{"line":7,"column":0},"end":{"line":8,"column":67}}],"line":7}},"s":{"0":0,"1":0,"2":0,"3":0,"4":0,"5":0,"6":0,"7":0,"8":0,"9":0,"10":0,"11":0,"12":0,"13":0,"14":0,"15":0,"16":0,"17":0,"18":0,"19":0,"20":0},"f":{"0":0,"1":0,"2":0,"3":0,"4":0,"5":0,"6":0,"7":0,"8":0,"9":0,"10":0},"b":{"0":[0,0]}}
,"/home/everton/Cursos/Nanodegree/MyReads/src/stories/Button.js": {"path":"/home/everton/Cursos/Nanodegree/MyReads/src/stories/Button.js","statementMap":{"0":{"start":{"line":1,"column":39},"end":{"line":1,"column":101}},"1":{"start":{"line":1,"column":120},"end":{"line":1,"column":183}},"2":{"start":{"line":1,"column":350},"end":{"line":1,"column":404}},"3":{"start":{"line":3,"column":21},"end":{"line":10,"column":14}},"4":{"start":{"line":13,"column":15},"end":{"line":18,"column":11}},"5":{"start":{"line":14,"column":26},"end":{"line":18,"column":11}},"6":{"start":{"line":22,"column":0},"end":{"line":24,"column":70}}},"fnMap":{"0":{"name":"_interopRequireDefault","decl":{"start":{"line":1,"column":321},"end":{"line":1,"column":343}},"loc":{"start":{"line":1,"column":349},"end":{"line":1,"column":405}},"line":1},"1":{"name":"(anonymous_1)","decl":{"start":{"line":13,"column":15},"end":{"line":13,"column":16}},"loc":{"start":{"line":14,"column":26},"end":{"line":18,"column":11}},"line":14}},"branchMap":{"0":{"loc":{"start":{"line":1,"column":357},"end":{"line":1,"column":403}},"type":"cond-expr","locations":[{"start":{"line":1,"column":381},"end":{"line":1,"column":384}},{"start":{"line":1,"column":387},"end":{"line":1,"column":403}}],"line":1},"1":{"loc":{"start":{"line":1,"column":357},"end":{"line":1,"column":378}},"type":"binary-expr","locations":[{"start":{"line":1,"column":357},"end":{"line":1,"column":360}},{"start":{"line":1,"column":364},"end":{"line":1,"column":378}}],"line":1}},"s":{"0":0,"1":0,"2":0,"3":0,"4":0,"5":0,"6":0},"f":{"0":0,"1":0},"b":{"0":[0,0],"1":[0,0]}}
,"/home/everton/Cursos/Nanodegree/MyReads/src/stories/Welcome.js": {"path":"/home/everton/Cursos/Nanodegree/MyReads/src/stories/Welcome.js","statementMap":{"0":{"start":{"line":1,"column":39},"end":{"line":1,"column":101}},"1":{"start":{"line":1,"column":120},"end":{"line":1,"column":184}},"2":{"start":{"line":1,"column":351},"end":{"line":1,"column":405}},"3":{"start":{"line":3,"column":15},"end":{"line":35,"column":24}},"4":{"start":{"line":39,"column":18},"end":{"line":49,"column":1}},"5":{"start":{"line":53,"column":4},"end":{"line":53,"column":23}},"6":{"start":{"line":54,"column":4},"end":{"line":54,"column":49}},"7":{"start":{"line":54,"column":28},"end":{"line":54,"column":49}},"8":{"start":{"line":58,"column":4},"end":{"line":85,"column":403}}},"fnMap":{"0":{"name":"_interopRequireDefault","decl":{"start":{"line":1,"column":322},"end":{"line":1,"column":344}},"loc":{"start":{"line":1,"column":350},"end":{"line":1,"column":406}},"line":1},"1":{"name":"(anonymous_1)","decl":{"start":{"line":52,"column":2},"end":{"line":52,"column":3}},"loc":{"start":{"line":52,"column":13},"end":{"line":55,"column":3}},"line":52},"2":{"name":"(anonymous_2)","decl":{"start":{"line":57,"column":2},"end":{"line":57,"column":3}},"loc":{"start":{"line":57,"column":11},"end":{"line":89,"column":3}},"line":57}},"branchMap":{"0":{"loc":{"start":{"line":1,"column":358},"end":{"line":1,"column":404}},"type":"cond-expr","locations":[{"start":{"line":1,"column":382},"end":{"line":1,"column":385}},{"start":{"line":1,"column":388},"end":{"line":1,"column":404}}],"line":1},"1":{"loc":{"start":{"line":1,"column":358},"end":{"line":1,"column":379}},"type":"binary-expr","locations":[{"start":{"line":1,"column":358},"end":{"line":1,"column":361}},{"start":{"line":1,"column":365},"end":{"line":1,"column":379}}],"line":1},"2":{"loc":{"start":{"line":54,"column":4},"end":{"line":54,"column":49}},"type":"if","locations":[{"start":{"line":54,"column":4},"end":{"line":54,"column":49}},{"start":{"line":54,"column":4},"end":{"line":54,"column":49}}],"line":54}},"s":{"0":0,"1":0,"2":0,"3":0,"4":0,"5":0,"6":0,"7":0,"8":0},"f":{"0":0,"1":0,"2":0},"b":{"0":[0,0],"1":[0,0],"2":[0,0]}}
,"/home/everton/Cursos/Nanodegree/MyReads/src/stories/index.js": {"path":"/home/everton/Cursos/Nanodegree/MyReads/src/stories/index.js","statementMap":{"0":{"start":{"line":1,"column":58},"end":{"line":1,"column":120}},"1":{"start":{"line":4,"column":176},"end":{"line":4,"column":230}}},"fnMap":{"0":{"name":"_interopRequireDefault","decl":{"start":{"line":4,"column":147},"end":{"line":4,"column":169}},"loc":{"start":{"line":4,"column":175},"end":{"line":4,"column":231}},"line":4}},"branchMap":{"0":{"loc":{"start":{"line":4,"column":183},"end":{"line":4,"column":229}},"type":"cond-expr","locations":[{"start":{"line":4,"column":207},"end":{"line":4,"column":210}},{"start":{"line":4,"column":213},"end":{"line":4,"column":229}}],"line":4},"1":{"loc":{"start":{"line":4,"column":183},"end":{"line":4,"column":204}},"type":"binary-expr","locations":[{"start":{"line":4,"column":183},"end":{"line":4,"column":186}},{"start":{"line":4,"column":190},"end":{"line":4,"column":204}}],"line":4}},"s":{"0":0,"1":0},"f":{"0":0},"b":{"0":[0,0],"1":[0,0]}}
}
